2025-07-31 18:42:49 INFO  k.a.j.JobSearchJava25Application - Starting JobSearchJava25Application using Java 23.0.2 with PID 65153 (/Users/nargiza/Desktop/job_search_java25/target/classes started by nargiza in /Users/nargiza/Desktop/job_search_java25)
2025-07-31 18:42:49 INFO  k.a.j.JobSearchJava25Application - No active profile set, falling back to 1 default profile: "default"
2025-07-31 18:42:50 INFO  o.s.b.w.e.tomcat.TomcatWebServer - Tomcat initialized with port 8089 (http)
2025-07-31 18:42:50 INFO  o.a.catalina.core.StandardService - Starting service [Tomcat]
2025-07-31 18:42:50 INFO  o.a.catalina.core.StandardEngine - Starting Servlet engine: [Apache Tomcat/10.1.42]
2025-07-31 18:42:50 INFO  o.a.c.c.C.[Tomcat].[localhost].[/] - Initializing Spring embedded WebApplicationContext
2025-07-31 18:42:50 INFO  o.s.b.w.s.c.ServletWebServerApplicationContext - Root WebApplicationContext: initialization completed in 397 ms
2025-07-31 18:42:50 INFO  com.zaxxer.hikari.HikariDataSource - HikariPool-1 - Starting...
2025-07-31 18:42:50 INFO  com.zaxxer.hikari.pool.HikariPool - HikariPool-1 - Added connection conn0: url=jdbc:h2:./db/job_search user=ROOT
2025-07-31 18:42:50 INFO  com.zaxxer.hikari.HikariDataSource - HikariPool-1 - Start completed.
2025-07-31 18:42:50 INFO  liquibase.database - Set default schema name to PUBLIC
2025-07-31 18:42:50 INFO  liquibase.changelog - Reading from PUBLIC.DATABASECHANGELOG
2025-07-31 18:42:50 INFO  liquibase.ui - Database is up to date, no changesets to execute
2025-07-31 18:42:50 INFO  liquibase.changelog - Reading from PUBLIC.DATABASECHANGELOG
2025-07-31 18:42:50 INFO  liquibase.util - UPDATE SUMMARY
2025-07-31 18:42:50 INFO  liquibase.util - Run:                          0
2025-07-31 18:42:50 INFO  liquibase.util - Previously run:              23
2025-07-31 18:42:50 INFO  liquibase.util - Filtered out:                 0
2025-07-31 18:42:50 INFO  liquibase.util - -------------------------------
2025-07-31 18:42:50 INFO  liquibase.util - Total change sets:           23
2025-07-31 18:42:50 INFO  liquibase.util - Update summary generated
2025-07-31 18:42:50 INFO  liquibase.command - Command execution complete
2025-07-31 18:42:53 INFO  o.s.s.c.a.a.c.InitializeAuthenticationProviderBeanManagerConfigurer$InitializeAuthenticationProviderManagerConfigurer - Global AuthenticationManager configured with AuthenticationProvider bean with name daoAuthenticationProvider
2025-07-31 18:42:53 WARN  o.s.s.c.a.a.c.InitializeUserDetailsBeanManagerConfigurer$InitializeUserDetailsManagerConfigurer - Global AuthenticationManager configured with an AuthenticationProvider bean. UserDetailsService beans will not be used by Spring Security for automatically configuring username/password login. Consider removing the AuthenticationProvider bean. Alternatively, consider using the UserDetailsService in a manually instantiated DaoAuthenticationProvider. If the current configuration is intentional, to turn off this warning, increase the logging level of 'org.springframework.security.config.annotation.authentication.configuration.InitializeUserDetailsBeanManagerConfigurer' to ERROR
2025-07-31 18:42:53 DEBUG o.s.s.web.DefaultSecurityFilterChain - Will secure any request with filters: DisableEncodeUrlFilter, WebAsyncManagerIntegrationFilter, SecurityContextHolderFilter, HeaderWriterFilter, LogoutFilter, UsernamePasswordAuthenticationFilter, RequestCacheAwareFilter, SecurityContextHolderAwareRequestFilter, AnonymousAuthenticationFilter, ExceptionTranslationFilter, AuthorizationFilter
2025-07-31 18:42:53 INFO  o.s.b.w.e.tomcat.TomcatWebServer - Tomcat started on port 8089 (http) with context path '/'
2025-07-31 18:42:53 INFO  k.a.j.JobSearchJava25Application - Started JobSearchJava25Application in 3.753 seconds (process running for 3.961)
